<?xml version="1.0" encoding="UTF-8"?>
<!-- Generated by org.testng.reporters.JUnitReportReporter -->
<testsuite skipped="0" hostname="DESKTOP-LAO8EQR" name="MagentoTest" tests="1" failures="0" timestamp="25 Jun 2018 03:55:34 GMT" time="42.527" errors="0">
  <testcase name="testrun" time="42.527" classname="MagentoTest"/>
</testsuite> <!-- MagentoTest -->
